<?xml version="1.0" encoding="UTF-8" ?>
<testsuite tests="8" failures="0" name="hk.org.ha.hello.RunCucumberTest" time="0.4" errors="0" skipped="0">
  <properties>
[...]
</properties>
  <testcase classname="Is it Friday yet?" name="Today is or is not Friday #1" time="0.177"/>
  <testcase classname="Is it Friday yet?" name="Today is or is not Friday #2" time="0.01"/>
  <testcase classname="Is it Friday yet?" name="Today is or is not Friday #3" time="0.05"/>
  <testcase classname="Is it Friday yet?" name="Today is or is not Friday #4" time="0.031"/>
  <testcase classname="Is it Friday yet?" name="Today is or is not Friday #5" time="0.012"/>
  <testcase classname="Is it Friday yet?" name="Today is or is not Friday #6" time="0.073"/>
  <testcase classname="Is it Friday yet?" name="Today is or is not Friday #7" time="0.005"/>
  <testcase classname="Is it Friday yet?" name="Today is or is not Friday #8" time="0.042"/>
</testsuite>